This is pdfTeX, Version 3.14159265-2.6-1.40.20 (TeX Live 2019/Debian) (preloaded format=pdflatex 2020.10.13)  11 FEB 2022 15:33
entering extended mode
 restricted \write18 enabled.
 %&-line parsing enabled.
**_main.tex
(./_main.tex
LaTeX2e <2020-02-02> patch level 2
L3 programming layer <2020-02-14>
(/usr/share/texlive/texmf-dist/tex/latex/base/book.cls
Document Class: book 2019/12/20 v1.4l Standard LaTeX document class
(/usr/share/texlive/texmf-dist/tex/latex/base/bk10.clo
File: bk10.clo 2019/12/20 v1.4l Standard LaTeX file (size option)
)
\c@part=\count167
\c@chapter=\count168
\c@section=\count169
\c@subsection=\count170
\c@subsubsection=\count171
\c@paragraph=\count172
\c@subparagraph=\count173
\c@figure=\count174
\c@table=\count175
\abovecaptionskip=\skip47
\belowcaptionskip=\skip48
\bibindent=\dimen134
)
(/usr/share/texlive/texmf-dist/tex/latex/amsmath/amsmath.sty
Package: amsmath 2020/01/20 v2.17e AMS math features
\@mathmargin=\skip49

For additional information on amsmath, use the `?' option.
(/usr/share/texlive/texmf-dist/tex/latex/amsmath/amstext.sty
Package: amstext 2000/06/29 v2.01 AMS text

(/usr/share/texlive/texmf-dist/tex/latex/amsmath/amsgen.sty
File: amsgen.sty 1999/11/30 v2.0 generic functions
\@emptytoks=\toks14
\ex@=\dimen135
))
(/usr/share/texlive/texmf-dist/tex/latex/amsmath/amsbsy.sty
Package: amsbsy 1999/11/29 v1.2d Bold Symbols
\pmbraise@=\dimen136
)
(/usr/share/texlive/texmf-dist/tex/latex/amsmath/amsopn.sty
Package: amsopn 2016/03/08 v2.02 operator names
)
\inf@bad=\count176
LaTeX Info: Redefining \frac on input line 227.
\uproot@=\count177
\leftroot@=\count178
LaTeX Info: Redefining \overline on input line 389.
\classnum@=\count179
\DOTSCASE@=\count180
LaTeX Info: Redefining \ldots on input line 486.
LaTeX Info: Redefining \dots on input line 489.
LaTeX Info: Redefining \cdots on input line 610.
\Mathstrutbox@=\box45
\strutbox@=\box46
\big@size=\dimen137
LaTeX Font Info:    Redeclaring font encoding OML on input line 733.
LaTeX Font Info:    Redeclaring font encoding OMS on input line 734.
\macc@depth=\count181
\c@MaxMatrixCols=\count182
\dotsspace@=\muskip16
\c@parentequation=\count183
\dspbrk@lvl=\count184
\tag@help=\toks15
\row@=\count185
\column@=\count186
\maxfields@=\count187
\andhelp@=\toks16
\eqnshift@=\dimen138
\alignsep@=\dimen139
\tagshift@=\dimen140
\tagwidth@=\dimen141
\totwidth@=\dimen142
\lineht@=\dimen143
\@envbody=\toks17
\multlinegap=\skip50
\multlinetaggap=\skip51
\mathdisplay@stack=\toks18
LaTeX Info: Redefining \[ on input line 2859.
LaTeX Info: Redefining \] on input line 2860.
)
(/usr/share/texlive/texmf-dist/tex/latex/amsfonts/amssymb.sty
Package: amssymb 2013/01/14 v3.01 AMS font symbols

(/usr/share/texlive/texmf-dist/tex/latex/amsfonts/amsfonts.sty
Package: amsfonts 2013/01/14 v3.01 Basic AMSFonts support
\symAMSa=\mathgroup4
\symAMSb=\mathgroup5
LaTeX Font Info:    Redeclaring math symbol \hbar on input line 98.
LaTeX Font Info:    Overwriting math alphabet `\mathfrak' in version `bold'
(Font)                  U/euf/m/n --> U/euf/b/n on input line 106.
))
(/usr/share/texmf/tex/latex/lm/lmodern.sty
Package: lmodern 2009/10/30 v1.6 Latin Modern Fonts
LaTeX Font Info:    Overwriting symbol font `operators' in version `normal'
(Font)                  OT1/cmr/m/n --> OT1/lmr/m/n on input line 22.
LaTeX Font Info:    Overwriting symbol font `letters' in version `normal'
(Font)                  OML/cmm/m/it --> OML/lmm/m/it on input line 23.
LaTeX Font Info:    Overwriting symbol font `symbols' in version `normal'
(Font)                  OMS/cmsy/m/n --> OMS/lmsy/m/n on input line 24.
LaTeX Font Info:    Overwriting symbol font `largesymbols' in version `normal'
(Font)                  OMX/cmex/m/n --> OMX/lmex/m/n on input line 25.
LaTeX Font Info:    Overwriting symbol font `operators' in version `bold'
(Font)                  OT1/cmr/bx/n --> OT1/lmr/bx/n on input line 26.
LaTeX Font Info:    Overwriting symbol font `letters' in version `bold'
(Font)                  OML/cmm/b/it --> OML/lmm/b/it on input line 27.
LaTeX Font Info:    Overwriting symbol font `symbols' in version `bold'
(Font)                  OMS/cmsy/b/n --> OMS/lmsy/b/n on input line 28.
LaTeX Font Info:    Overwriting symbol font `largesymbols' in version `bold'
(Font)                  OMX/cmex/m/n --> OMX/lmex/m/n on input line 29.
LaTeX Font Info:    Overwriting math alphabet `\mathbf' in version `normal'
(Font)                  OT1/cmr/bx/n --> OT1/lmr/bx/n on input line 31.
LaTeX Font Info:    Overwriting math alphabet `\mathsf' in version `normal'
(Font)                  OT1/cmss/m/n --> OT1/lmss/m/n on input line 32.
LaTeX Font Info:    Overwriting math alphabet `\mathit' in version `normal'
(Font)                  OT1/cmr/m/it --> OT1/lmr/m/it on input line 33.
LaTeX Font Info:    Overwriting math alphabet `\mathtt' in version `normal'
(Font)                  OT1/cmtt/m/n --> OT1/lmtt/m/n on input line 34.
LaTeX Font Info:    Overwriting math alphabet `\mathbf' in version `bold'
(Font)                  OT1/cmr/bx/n --> OT1/lmr/bx/n on input line 35.
LaTeX Font Info:    Overwriting math alphabet `\mathsf' in version `bold'
(Font)                  OT1/cmss/bx/n --> OT1/lmss/bx/n on input line 36.
LaTeX Font Info:    Overwriting math alphabet `\mathit' in version `bold'
(Font)                  OT1/cmr/bx/it --> OT1/lmr/bx/it on input line 37.
LaTeX Font Info:    Overwriting math alphabet `\mathtt' in version `bold'
(Font)                  OT1/cmtt/m/n --> OT1/lmtt/m/n on input line 38.
)
(/usr/share/texlive/texmf-dist/tex/generic/iftex/ifxetex.sty
Package: ifxetex 2019/10/25 v0.7 ifxetex legacy package. Use iftex instead.

(/usr/share/texlive/texmf-dist/tex/generic/iftex/iftex.sty
Package: iftex 2019/11/07 v1.0c TeX engine tests
))
(/usr/share/texlive/texmf-dist/tex/generic/iftex/ifluatex.sty
Package: ifluatex 2019/10/25 v1.5 ifluatex legacy package. Use iftex instead.
)
(/usr/share/texlive/texmf-dist/tex/latex/base/fontenc.sty
Package: fontenc 2020/02/11 v2.0o Standard LaTeX package
LaTeX Font Info:    Trying to load font information for T1+lmr on input line 11
2.

(/usr/share/texmf/tex/latex/lm/t1lmr.fd
File: t1lmr.fd 2009/10/30 v1.6 Font defs for Latin Modern
))
(/usr/share/texlive/texmf-dist/tex/latex/base/inputenc.sty
Package: inputenc 2018/08/11 v1.3c Input encoding file
\inpenc@prehook=\toks19
\inpenc@posthook=\toks20
)
(/usr/share/texlive/texmf-dist/tex/latex/base/textcomp.sty
Package: textcomp 2020/02/02 v2.0n Standard LaTeX package
)
(/usr/share/texlive/texmf-dist/tex/latex/upquote/upquote.sty
Package: upquote 2012/04/19 v1.3 upright-quote and grave-accent glyphs in verba
tim
)
(/usr/share/texlive/texmf-dist/tex/latex/microtype/microtype.sty
Package: microtype 2019/11/18 v2.7d Micro-typographical refinements (RS)

(/usr/share/texlive/texmf-dist/tex/latex/graphics/keyval.sty
Package: keyval 2014/10/28 v1.15 key=value parser (DPC)
\KV@toks@=\toks21
)
\MT@toks=\toks22
\MT@count=\count188
LaTeX Info: Redefining \textls on input line 790.
\MT@outer@kern=\dimen144
LaTeX Info: Redefining \textmicrotypecontext on input line 1354.
\MT@listname@count=\count189

(/usr/share/texlive/texmf-dist/tex/latex/microtype/microtype-pdftex.def
File: microtype-pdftex.def 2019/11/18 v2.7d Definitions specific to pdftex (RS)

LaTeX Info: Redefining \lsstyle on input line 914.
LaTeX Info: Redefining \lslig on input line 914.
\MT@outer@space=\skip52
)
Package microtype Info: Loading configuration file microtype.cfg.

(/usr/share/texlive/texmf-dist/tex/latex/microtype/microtype.cfg
File: microtype.cfg 2019/11/18 v2.7d microtype main configuration file (RS)
))
(/usr/share/texlive/texmf-dist/tex/latex/parskip/parskip.sty
Package: parskip 2020-01-22 v2.0d non-zero parskip adjustments

(/usr/share/texlive/texmf-dist/tex/latex/kvoptions/kvoptions.sty
Package: kvoptions 2019/11/29 v3.13 Key value format for package options (HO)

(/usr/share/texlive/texmf-dist/tex/generic/ltxcmds/ltxcmds.sty
Package: ltxcmds 2019/12/15 v1.24 LaTeX kernel commands for general use (HO)
)
(/usr/share/texlive/texmf-dist/tex/generic/kvsetkeys/kvsetkeys.sty
Package: kvsetkeys 2019/12/15 v1.18 Key value parser (HO)
))
(/usr/share/texlive/texmf-dist/tex/latex/etoolbox/etoolbox.sty
Package: etoolbox 2019/09/21 v2.5h e-TeX tools for LaTeX (JAW)
\etb@tempcnta=\count190
))
(/usr/share/texlive/texmf-dist/tex/latex/xcolor/xcolor.sty
Package: xcolor 2016/05/11 v2.12 LaTeX color extensions (UK)

(/usr/share/texlive/texmf-dist/tex/latex/graphics-cfg/color.cfg
File: color.cfg 2016/01/02 v1.6 sample color configuration
)
Package xcolor Info: Driver file: pdftex.def on input line 225.

(/usr/share/texlive/texmf-dist/tex/latex/graphics-def/pdftex.def
File: pdftex.def 2018/01/08 v1.0l Graphics/color driver for pdftex
)
Package xcolor Info: Model `cmy' substituted by `cmy0' on input line 1348.
Package xcolor Info: Model `hsb' substituted by `rgb' on input line 1352.
Package xcolor Info: Model `RGB' extended on input line 1364.
Package xcolor Info: Model `HTML' substituted by `rgb' on input line 1366.
Package xcolor Info: Model `Hsb' substituted by `hsb' on input line 1367.
Package xcolor Info: Model `tHsb' substituted by `hsb' on input line 1368.
Package xcolor Info: Model `HSB' substituted by `hsb' on input line 1369.
Package xcolor Info: Model `Gray' substituted by `gray' on input line 1370.
Package xcolor Info: Model `wave' substituted by `hsb' on input line 1371.
)
(/usr/share/texlive/texmf-dist/tex/latex/xurl/xurl.sty
Package: xurl 2020/01/24 v 0.09 modify URL breaks

(/usr/share/texlive/texmf-dist/tex/latex/url/url.sty
\Urlmuskip=\muskip17
Package: url 2013/09/16  ver 3.4  Verb mode for urls, etc.
))
(/usr/share/texlive/texmf-dist/tex/latex/bookmark/bookmark.sty
Package: bookmark 2019/12/03 v1.28 PDF bookmarks (HO)

(/usr/share/texlive/texmf-dist/tex/latex/hyperref/hyperref.sty
Package: hyperref 2020/01/14 v7.00d Hypertext links for LaTeX

(/usr/share/texlive/texmf-dist/tex/latex/pdftexcmds/pdftexcmds.sty
Package: pdftexcmds 2019/11/24 v0.31 Utility functions of pdfTeX for LuaTeX (HO
)

(/usr/share/texlive/texmf-dist/tex/generic/infwarerr/infwarerr.sty
Package: infwarerr 2019/12/03 v1.5 Providing info/warning/error messages (HO)
)
Package pdftexcmds Info: \pdf@primitive is available.
Package pdftexcmds Info: \pdf@ifprimitive is available.
Package pdftexcmds Info: \pdfdraftmode found.
)
(/usr/share/texlive/texmf-dist/tex/generic/kvdefinekeys/kvdefinekeys.sty
Package: kvdefinekeys 2019-12-19 v1.6 Define keys (HO)
)
(/usr/share/texlive/texmf-dist/tex/generic/pdfescape/pdfescape.sty
Package: pdfescape 2019/12/09 v1.15 Implements pdfTeX's escape features (HO)
)
(/usr/share/texlive/texmf-dist/tex/latex/hycolor/hycolor.sty
Package: hycolor 2020-01-27 v1.10 Color options for hyperref/bookmark (HO)
)
(/usr/share/texlive/texmf-dist/tex/latex/letltxmacro/letltxmacro.sty
Package: letltxmacro 2019/12/03 v1.6 Let assignment for LaTeX macros (HO)
)
(/usr/share/texlive/texmf-dist/tex/latex/auxhook/auxhook.sty
Package: auxhook 2019-12-17 v1.6 Hooks for auxiliary files (HO)
)
\@linkdim=\dimen145
\Hy@linkcounter=\count191
\Hy@pagecounter=\count192

(/usr/share/texlive/texmf-dist/tex/latex/hyperref/pd1enc.def
File: pd1enc.def 2020/01/14 v7.00d Hyperref: PDFDocEncoding definition (HO)
Now handling font encoding PD1 ...
... no UTF-8 mapping file for font encoding PD1
)
(/usr/share/texlive/texmf-dist/tex/generic/intcalc/intcalc.sty
Package: intcalc 2019/12/15 v1.3 Expandable calculations with integers (HO)
)
(/usr/share/texlive/texmf-dist/tex/generic/etexcmds/etexcmds.sty
Package: etexcmds 2019/12/15 v1.7 Avoid name clashes with e-TeX commands (HO)
)
\Hy@SavedSpaceFactor=\count193
\pdfmajorversion=\count194
Package hyperref Info: Option `unicode' set `true' on input line 4421.

(/usr/share/texlive/texmf-dist/tex/latex/hyperref/puenc.def
File: puenc.def 2020/01/14 v7.00d Hyperref: PDF Unicode definition (HO)
Now handling font encoding PU ...
... no UTF-8 mapping file for font encoding PU
)
Package hyperref Info: Hyper figures OFF on input line 4547.
Package hyperref Info: Link nesting OFF on input line 4552.
Package hyperref Info: Hyper index ON on input line 4555.
Package hyperref Info: Plain pages OFF on input line 4562.
Package hyperref Info: Backreferencing OFF on input line 4567.
Package hyperref Info: Implicit mode ON; LaTeX internals redefined.
Package hyperref Info: Bookmarks ON on input line 4800.
\c@Hy@tempcnt=\count195
LaTeX Info: Redefining \url on input line 5159.
\XeTeXLinkMargin=\dimen146

(/usr/share/texlive/texmf-dist/tex/generic/bitset/bitset.sty
Package: bitset 2019/12/09 v1.3 Handle bit-vector datatype (HO)

(/usr/share/texlive/texmf-dist/tex/generic/bigintcalc/bigintcalc.sty
Package: bigintcalc 2019/12/15 v1.5 Expandable calculations on big integers (HO
)
))
\Fld@menulength=\count196
\Field@Width=\dimen147
\Fld@charsize=\dimen148
Package hyperref Info: Hyper figures OFF on input line 6430.
Package hyperref Info: Link nesting OFF on input line 6435.
Package hyperref Info: Hyper index ON on input line 6438.
Package hyperref Info: backreferencing OFF on input line 6445.
Package hyperref Info: Link coloring OFF on input line 6450.
Package hyperref Info: Link coloring with OCG OFF on input line 6455.
Package hyperref Info: PDF/A mode OFF on input line 6460.
LaTeX Info: Redefining \ref on input line 6500.
LaTeX Info: Redefining \pageref on input line 6504.

(/usr/share/texlive/texmf-dist/tex/generic/atbegshi/atbegshi.sty
Package: atbegshi 2019/12/05 v1.19 At begin shipout hook (HO)
)
\Hy@abspage=\count197
\c@Item=\count198
\c@Hfootnote=\count199
)
Package hyperref Info: Driver (autodetected): hpdftex.

(/usr/share/texlive/texmf-dist/tex/latex/hyperref/hpdftex.def
File: hpdftex.def 2020/01/14 v7.00d Hyperref driver for pdfTeX

(/usr/share/texlive/texmf-dist/tex/latex/atveryend/atveryend.sty
Package: atveryend 2019-12-11 v1.11 Hooks at the very end of document (HO)
)
\Fld@listcount=\count266
\c@bookmark@seq@number=\count267

(/usr/share/texlive/texmf-dist/tex/latex/rerunfilecheck/rerunfilecheck.sty
Package: rerunfilecheck 2019/12/05 v1.9 Rerun checks for auxiliary files (HO)

(/usr/share/texlive/texmf-dist/tex/generic/uniquecounter/uniquecounter.sty
Package: uniquecounter 2019/12/15 v1.4 Provide unlimited unique counter (HO)
)
Package uniquecounter Info: New unique counter `rerunfilecheck' on input line 2
86.
)
\Hy@SectionHShift=\skip53
)
(/usr/share/texlive/texmf-dist/tex/latex/bookmark/bkm-pdftex.def
File: bkm-pdftex.def 2019/12/03 v1.28 bookmark driver for pdfTeX (HO)
\BKM@id=\count268
))
(/usr/share/texlive/texmf-dist/tex/latex/tools/longtable.sty
Package: longtable 2020/01/07 v4.13 Multi-page Table package (DPC)
\LTleft=\skip54
\LTright=\skip55
\LTpre=\skip56
\LTpost=\skip57
\LTchunksize=\count269
\LTcapwidth=\dimen149
\LT@head=\box47
\LT@firsthead=\box48
\LT@foot=\box49
\LT@lastfoot=\box50
\LT@cols=\count270
\LT@rows=\count271
\c@LT@tables=\count272
\c@LT@chunks=\count273
\LT@p@ftn=\toks23
)
(/usr/share/texlive/texmf-dist/tex/latex/booktabs/booktabs.sty
Package: booktabs 2020/01/12 v1.61803398 Publication quality tables
\heavyrulewidth=\dimen150
\lightrulewidth=\dimen151
\cmidrulewidth=\dimen152
\belowrulesep=\dimen153
\belowbottomsep=\dimen154
\aboverulesep=\dimen155
\abovetopsep=\dimen156
\cmidrulesep=\dimen157
\cmidrulekern=\dimen158
\defaultaddspace=\dimen159
\@cmidla=\count274
\@cmidlb=\count275
\@aboverulesep=\dimen160
\@belowrulesep=\dimen161
\@thisruleclass=\count276
\@lastruleclass=\count277
\@thisrulewidth=\dimen162
)
(/usr/share/texlive/texmf-dist/tex/latex/tools/array.sty
Package: array 2019/08/31 v2.4l Tabular extension package (FMi)
\col@sep=\dimen163
\ar@mcellbox=\box51
\extrarowheight=\dimen164
\NC@list=\toks24
\extratabsurround=\skip58
\backup@length=\skip59
\ar@cellbox=\box52
)
(/usr/share/texlive/texmf-dist/tex/latex/tools/calc.sty
Package: calc 2017/05/25 v4.3 Infix arithmetic (KKT,FJ)
\calc@Acount=\count278
\calc@Bcount=\count279
\calc@Adimen=\dimen165
\calc@Bdimen=\dimen166
\calc@Askip=\skip60
\calc@Bskip=\skip61
LaTeX Info: Redefining \setlength on input line 80.
LaTeX Info: Redefining \addtolength on input line 81.
\calc@Ccount=\count280
\calc@Cskip=\skip62
)
(/usr/share/texlive/texmf-dist/tex/latex/footnotehyper/footnotehyper.sty
Package: footnotehyper 2019/11/07 v1.1a hyperref aware footnote.sty (JFB)
\FNH@notes=\box53
\FNH@width=\dimen167
)
(/usr/share/texlive/texmf-dist/tex/latex/graphics/graphicx.sty
Package: graphicx 2019/11/30 v1.2a Enhanced LaTeX Graphics (DPC,SPQR)

(/usr/share/texlive/texmf-dist/tex/latex/graphics/graphics.sty
Package: graphics 2019/11/30 v1.4a Standard LaTeX Graphics (DPC,SPQR)

(/usr/share/texlive/texmf-dist/tex/latex/graphics/trig.sty
Package: trig 2016/01/03 v1.10 sin cos tan (DPC)
)
(/usr/share/texlive/texmf-dist/tex/latex/graphics-cfg/graphics.cfg
File: graphics.cfg 2016/06/04 v1.11 sample graphics configuration
)
Package graphics Info: Driver file: pdftex.def on input line 105.
)
\Gin@req@height=\dimen168
\Gin@req@width=\dimen169
)
(/usr/share/texlive/texmf-dist/tex/latex/multirow/multirow.sty
Package: multirow 2019/05/31 v2.5 Span multiple rows of a table
\multirow@colwidth=\skip63
\multirow@cntb=\count281
\multirow@dima=\skip64
\bigstrutjot=\dimen170
)
(/usr/share/texlive/texmf-dist/tex/latex/wrapfig/wrapfig.sty
\wrapoverhang=\dimen171
\WF@size=\dimen172
\c@WF@wrappedlines=\count282
\WF@box=\box54
\WF@everypar=\toks25
Package: wrapfig 2003/01/31  v 3.6
)
(/usr/share/texlive/texmf-dist/tex/latex/float/float.sty
Package: float 2001/11/08 v1.3d Float enhancements (AL)
\c@float@type=\count283
\float@exts=\toks26
\float@box=\box55
\@float@everytoks=\toks27
\@floatcapt=\box56
)
(/usr/share/texlive/texmf-dist/tex/latex/colortbl/colortbl.sty
Package: colortbl 2020/01/04 v1.0e Color table columns (DPC)
\everycr=\toks28
\minrowclearance=\skip65
)
(/usr/share/texlive/texmf-dist/tex/latex/pdflscape/pdflscape.sty
Package: pdflscape 2019/12/05 v0.12 Display of landscape pages in PDF (HO)

(/usr/share/texlive/texmf-dist/tex/latex/graphics/lscape.sty
Package: lscape 2000/10/22 v3.01 Landscape Pages (DPC)
)
Package pdflscape Info: Auto-detected driver: pdftex on input line 81.
)
(/usr/share/texlive/texmf-dist/tex/latex/tabu/tabu.sty
Package: tabu 2019/01/11 v2.9 - flexible LaTeX tabulars (FC+tabu-fixed) + inter
mediate FMi

(/usr/share/texlive/texmf-dist/tex/latex/varwidth/varwidth.sty
Package: varwidth 2009/03/30 ver 0.92;  Variable-width minipages
\@vwid@box=\box57
\sift@deathcycles=\count284
\@vwid@loff=\dimen173
\@vwid@roff=\dimen174
)
\c@taburow=\count285
\tabu@nbcols=\count286
\tabu@cnt=\count287
\tabu@Xcol=\count288
\tabu@alloc=\count289
\tabu@nested=\count290
\tabu@target=\dimen175
\tabu@spreadtarget=\dimen176
\tabu@naturalX=\dimen177
\tabucolX=\dimen178
\tabu@Xsum=\dimen179
\extrarowdepth=\dimen180
\abovetabulinesep=\dimen181
\belowtabulinesep=\dimen182
\tabustrutrule=\dimen183
\tabu@thebody=\toks29
\tabu@footnotes=\toks30
\tabu@box=\box58
\tabu@arstrutbox=\box59
\tabu@hleads=\box60
\tabu@vleads=\box61
\tabu@cellskip=\skip66
)
(/usr/share/texlive/texmf-dist/tex/latex/threeparttable/threeparttable.sty
Package: threeparttable 2003/06/13  v 3.0
\@tempboxb=\box62
)
(/usr/share/texlive/texmf-dist/tex/latex/threeparttablex/threeparttablex.sty
Package: threeparttablex 2013/07/23 v0.3 by daleif

(/usr/share/texlive/texmf-dist/tex/latex/environ/environ.sty
Package: environ 2014/05/04 v0.3 A new way to define environments

(/usr/share/texlive/texmf-dist/tex/latex/trimspaces/trimspaces.sty
Package: trimspaces 2009/09/17 v1.1 Trim spaces around a token list
))
\TPTL@width=\skip67
)
(/usr/share/texlive/texmf-dist/tex/generic/ulem/ulem.sty
\UL@box=\box63
\UL@hyphenbox=\box64
\UL@skip=\skip68
\UL@hook=\toks31
\UL@height=\dimen184
\UL@pe=\count291
\UL@pixel=\dimen185
\ULC@box=\box65
Package: ulem 2019/11/18
\ULdepth=\dimen186
)
(/usr/share/texlive/texmf-dist/tex/latex/makecell/makecell.sty
Package: makecell 2009/08/03 V0.1e Managing of Tab Column Heads and Cells
\rotheadsize=\dimen187
\c@nlinenum=\count292
\TeXr@lab=\toks32
)
(/usr/share/texlive/texmf-dist/tex/latex/natbib/natbib.sty
Package: natbib 2010/09/13 8.31b (PWD, AO)
\bibhang=\skip69
\bibsep=\skip70
LaTeX Info: Redefining \cite on input line 694.
\c@NAT@ctr=\count293
)
\cslhangindent=\skip71
\csllabelwidth=\skip72

(/usr/share/texlive/texmf-dist/tex/latex/l3backend/l3backend-pdfmode.def
File: l3backend-pdfmode.def 2020-02-03 L3 backend support: PDF mode
\l__kernel_color_stack_int=\count294
\l__pdf_internal_box=\box66
)
No file _main.aux.
\openout1 = `_main.aux'.

LaTeX Font Info:    Checking defaults for OML/cmm/m/it on input line 116.
LaTeX Font Info:    ... okay on input line 116.
LaTeX Font Info:    Checking defaults for OMS/cmsy/m/n on input line 116.
LaTeX Font Info:    ... okay on input line 116.
LaTeX Font Info:    Checking defaults for OT1/cmr/m/n on input line 116.
LaTeX Font Info:    ... okay on input line 116.
LaTeX Font Info:    Checking defaults for T1/cmr/m/n on input line 116.
LaTeX Font Info:    ... okay on input line 116.
LaTeX Font Info:    Checking defaults for TS1/cmr/m/n on input line 116.
LaTeX Font Info:    ... okay on input line 116.
LaTeX Font Info:    Checking defaults for OMX/cmex/m/n on input line 116.
LaTeX Font Info:    ... okay on input line 116.
LaTeX Font Info:    Checking defaults for U/cmr/m/n on input line 116.
LaTeX Font Info:    ... okay on input line 116.
LaTeX Font Info:    Checking defaults for PD1/pdf/m/n on input line 116.
LaTeX Font Info:    ... okay on input line 116.
LaTeX Font Info:    Checking defaults for PU/pdf/m/n on input line 116.
LaTeX Font Info:    ... okay on input line 116.
LaTeX Info: Redefining \microtypecontext on input line 116.
Package microtype Info: Generating PDF output.
Package microtype Info: Character protrusion enabled (level 2).
Package microtype Info: Using protrusion set `basicmath'.
Package microtype Info: Automatic font expansion enabled (level 2),
(microtype)             stretch: 20, shrink: 20, step: 1, non-selected.
Package microtype Info: Using default expansion set `basictext'.
LaTeX Info: Redefining \showhyphens on input line 116.
Package microtype Info: No adjustment of tracking.
Package microtype Info: No adjustment of interword spacing.
Package microtype Info: No adjustment of character kerning.
(/usr/share/texlive/texmf-dist/tex/latex/microtype/mt-cmr.cfg
File: mt-cmr.cfg 2013/05/19 v2.2 microtype config. file: Computer Modern Roman 
(RS)
)
(/usr/share/texlive/texmf-dist/tex/context/base/mkii/supp-pdf.mkii
[Loading MPS to PDF converter (version 2006.09.02).]
\scratchcounter=\count295
\scratchdimen=\dimen188
\scratchbox=\box67
\nofMPsegments=\count296
\nofMParguments=\count297
\everyMPshowfont=\toks33
\MPscratchCnt=\count298
\MPscratchDim=\dimen189
\MPnumerator=\count299
\makeMPintoPDFobject=\count300
\everyMPtoPDFconversion=\toks34
) (/usr/share/texlive/texmf-dist/tex/latex/epstopdf-pkg/epstopdf-base.sty
Package: epstopdf-base 2020-01-24 v2.11 Base part for package epstopdf
Package epstopdf-base Info: Redefining graphics rule for `.eps' on input line 4
85.

(/usr/share/texlive/texmf-dist/tex/latex/latexconfig/epstopdf-sys.cfg
File: epstopdf-sys.cfg 2010/07/13 v1.3 Configuration of (r)epstopdf for TeX Liv
e
))
\AtBeginShipoutBox=\box68
Package hyperref Info: Link coloring OFF on input line 116.

(/usr/share/texlive/texmf-dist/tex/latex/hyperref/nameref.sty
Package: nameref 2019/09/16 v2.46 Cross-referencing by name of section

(/usr/share/texlive/texmf-dist/tex/latex/refcount/refcount.sty
Package: refcount 2019/12/15 v3.6 Data extraction from label references (HO)
)
(/usr/share/texlive/texmf-dist/tex/generic/gettitlestring/gettitlestring.sty
Package: gettitlestring 2019/12/15 v1.6 Cleanup title references (HO)
)
\c@section@level=\count301
)
LaTeX Info: Redefining \ref on input line 116.
LaTeX Info: Redefining \pageref on input line 116.
LaTeX Info: Redefining \nameref on input line 116.
LaTeX Font Info:    Trying to load font information for OT1+lmr on input line 1
18.

(/usr/share/texmf/tex/latex/lm/ot1lmr.fd
File: ot1lmr.fd 2009/10/30 v1.6 Font defs for Latin Modern
)
LaTeX Font Info:    Trying to load font information for OML+lmm on input line 1
18.

(/usr/share/texmf/tex/latex/lm/omllmm.fd
File: omllmm.fd 2009/10/30 v1.6 Font defs for Latin Modern
)
LaTeX Font Info:    Trying to load font information for OMS+lmsy on input line 
118.

(/usr/share/texmf/tex/latex/lm/omslmsy.fd
File: omslmsy.fd 2009/10/30 v1.6 Font defs for Latin Modern
)
LaTeX Font Info:    Trying to load font information for OMX+lmex on input line 
118.

(/usr/share/texmf/tex/latex/lm/omxlmex.fd
File: omxlmex.fd 2009/10/30 v1.6 Font defs for Latin Modern
)
LaTeX Font Info:    External font `lmex10' loaded for size
(Font)              <12> on input line 118.
LaTeX Font Info:    External font `lmex10' loaded for size
(Font)              <8> on input line 118.
LaTeX Font Info:    External font `lmex10' loaded for size
(Font)              <6> on input line 118.
LaTeX Font Info:    Trying to load font information for U+msa on input line 118
.

(/usr/share/texlive/texmf-dist/tex/latex/amsfonts/umsa.fd
File: umsa.fd 2013/01/14 v3.01 AMS symbols A
)
(/usr/share/texlive/texmf-dist/tex/latex/microtype/mt-msa.cfg
File: mt-msa.cfg 2006/02/04 v1.1 microtype config. file: AMS symbols (a) (RS)
)
LaTeX Font Info:    Trying to load font information for U+msb on input line 118
.

(/usr/share/texlive/texmf-dist/tex/latex/amsfonts/umsb.fd
File: umsb.fd 2013/01/14 v3.01 AMS symbols B
)
(/usr/share/texlive/texmf-dist/tex/latex/microtype/mt-msb.cfg
File: mt-msb.cfg 2005/06/01 v1.0 microtype config. file: AMS symbols (b) (RS)
) [1


{/var/lib/texmf/fonts/map/pdftex/updmap/pdftex.map}] [2

]
\tf@toc=\write3
\openout3 = `_main.toc'.

 [3] [4

]

Package natbib Warning: Citation `gul2001temptation' on page 5 undefined on inp
ut line 133.

[5]

Package natbib Warning: Citation `gul2001temptation' on page 6 undefined on inp
ut line 181.

[6]

Package natbib Warning: Citation `gul2001temptation' on page 7 undefined on inp
ut line 232.


Package natbib Warning: Citation `noor2010uphill' on page 7 undefined on input 
line 233.


Package natbib Warning: Citation `noor2015menu' on page 7 undefined on input li
ne 233.

LaTeX Font Info:    External font `lmex10' loaded for size
(Font)              <10> on input line 237.
LaTeX Font Info:    External font `lmex10' loaded for size
(Font)              <7> on input line 237.
LaTeX Font Info:    External font `lmex10' loaded for size
(Font)              <5> on input line 237.

Package natbib Warning: Citation `kreps1979representation' on page 7 undefined 
on input line 241.


Package natbib Warning: Citation `bryan2010commitment' on page 7 undefined on i
nput line 248.


Package natbib Warning: Citation `ashraf2006tying' on page 7 undefined on input
 line 248.


Package natbib Warning: Citation `dellavigna2004contract' on page 7 undefined o
n input line 248.


Package natbib Warning: Citation `dellavigna2006paying' on page 7 undefined on 
input line 248.


Package natbib Warning: Citation `lipman2013temptation' on page 7 undefined on 
input line 251.


Package natbib Warning: Citation `mischel1989delay' on page 7 undefined on inpu
t line 257.


Package natbib Warning: Citation `kuhn2014self' on page 7 undefined on input li
ne 257.


Package natbib Warning: Citation `toussaert2018eliciting' on page 7 undefined o
n input line 258.


Package natbib Warning: Citation `houser2018temptation' on page 7 undefined on 
input line 259.

[7

]

Package natbib Warning: Citation `gul2001temptation' on page 8 undefined on inp
ut line 277.


Package natbib Warning: Citation `fudenberg2006dual' on page 8 undefined on inp
ut line 277.


Package natbib Warning: Citation `fudenberg2006dual' on page 8 undefined on inp
ut line 279.


Package natbib Warning: Citation `houser2018temptation' on page 8 undefined on 
input line 287.


Package natbib Warning: Citation `houser2018temptation' on page 8 undefined on 
input line 293.


Package natbib Warning: Citation `houser2018temptation' on page 8 undefined on 
input line 300.


Package natbib Warning: Citation `houser2018temptation' on page 8 undefined on 
input line 304.

[8]

Package natbib Warning: Citation `gul2001temptation' on page 9 undefined on inp
ut line 329.


Package natbib Warning: Citation `lejuez2002evaluation' on page 9 undefined on 
input line 361.


Package natbib Warning: Citation `crosetto2013bomb' on page 9 undefined on inpu
t line 362.


Package natbib Warning: Citation `ert2017revisiting' on page 9 undefined on inp
ut line 365.


Package natbib Warning: Citation `wilcox2007predicting' on page 9 undefined on 
input line 367.

[9]

Package natbib Warning: Citation `taleb2005fooled' on page 10 undefined on inpu
t line 404.


Package natbib Warning: Citation `popper2005logic' on page 10 undefined on inpu
t line 409.


Package natbib Warning: Citation `popper2014conjectures' on page 10 undefined o
n input line 409.

[10]

Package natbib Warning: Citation `gul2006random' on page 11 undefined on input 
line 445.


Package natbib Warning: Citation `ratcliff2008diffusion' on page 11 undefined o
n input line 445.


Package natbib Warning: Citation `cerreia2019deliberately' on page 11 undefined
 on input line 445.

[11] [12

]
Chapter 1.

Package natbib Warning: Citation `laibson1998self' on page 13 undefined on inpu
t line 468.


Package natbib Warning: Citation `heckman2006effects' on page 13 undefined on i
nput line 468.


Package natbib Warning: Citation `alan2015patience' on page 13 undefined on inp
ut line 468.


Package natbib Warning: Citation `milkman2021film' on page 13 undefined on inpu
t line 470.


Package natbib Warning: Citation `rankin1993get' on page 13 undefined on input 
line 478.


Package natbib Warning: Citation `read1999mixing' on page 13 undefined on input
 line 487.


Package natbib Warning: Citation `milkman2021film' on page 13 undefined on inpu
t line 488.


Package natbib Warning: Citation `elster2000ulysses' on page 13 undefined on in
put line 490.


Package natbib Warning: Citation `ashraf2006tying' on page 13 undefined on inpu
t line 493.

[13]

Package natbib Warning: Citation `bryan2010commitment' on page 14 undefined on 
input line 499.


Package natbib Warning: Citation `ashraf2006tying' on page 14 undefined on inpu
t line 530.


Package natbib Warning: Citation `milkman2014holding' on page 14 undefined on i
nput line 530.


Package natbib Warning: Citation `lejuez2002evaluation' on page 14 undefined on
 input line 533.


Overfull \hbox (9.7641pt too wide) has occurred while \output is active
\T1/lmr/m/n/10 14 \T1/lmr/m/sl/10 CHAPTER 1.  INTRA-PERSONAL CONFLICT AND SELF-
COMMITMENT
 []

[14]

Package natbib Warning: Citation `trope2000counteractive' on page 15 undefined 
on input line 568.


Package natbib Warning: Citation `ariely2002procrastination' on page 15 undefin
ed on input line 568.


Package natbib Warning: Citation `houser2018temptation' on page 15 undefined on
 input line 569.


Package natbib Warning: Citation `kast2014saving' on page 15 undefined on input
 line 578.


Package natbib Warning: Citation `benabou2004willpower' on page 15 undefined on
 input line 581.


Package natbib Warning: Citation `gul2001temptation' on page 15 undefined on in
put line 589.


Package natbib Warning: Citation `gul2001temptation' on page 15 undefined on in
put line 596.


Package natbib Warning: Citation `lejuez2002evaluation' on page 15 undefined on
 input line 608.


Underfull \vbox (badness 10000) has occurred while \output is active []

 [15]
LaTeX Font Info:    Trying to load font information for TS1+lmr on input line 6
15.

(/usr/share/texmf/tex/latex/lm/ts1lmr.fd
File: ts1lmr.fd 2009/10/30 v1.6 Font defs for Latin Modern
)

Package natbib Warning: Citation `lejuez2002evaluation' on page 16 undefined on
 input line 618.


Package natbib Warning: Citation `lejuez2002evaluation' on page 16 undefined on
 input line 627.


Package natbib Warning: Citation `lejuez2002evaluation' on page 16 undefined on
 input line 633.


Package natbib Warning: Citation `charness2016' on page 16 undefined on input l
ine 656.


Overfull \hbox (9.7641pt too wide) has occurred while \output is active
\T1/lmr/m/n/10 16 \T1/lmr/m/sl/10 CHAPTER 1.  INTRA-PERSONAL CONFLICT AND SELF-
COMMITMENT
 []

[16] [17]

Package natbib Warning: Citation `milkman2014holding' on page 18 undefined on i
nput line 697.


Package natbib Warning: Citation `ariely2002procrastination' on page 18 undefin
ed on input line 699.


Package natbib Warning: Citation `casari2009pre' on page 18 undefined on input 
line 699.


Package natbib Warning: Citation `houser2018temptation' on page 18 undefined on
 input line 699.


Package natbib Warning: Citation `chen2016' on page 18 undefined on input line 
728.


Overfull \hbox (9.7641pt too wide) has occurred while \output is active
\T1/lmr/m/n/10 18 \T1/lmr/m/sl/10 CHAPTER 1.  INTRA-PERSONAL CONFLICT AND SELF-
COMMITMENT
 []

[18]

LaTeX Warning: Reference `tab:desc-stat2' on page 19 undefined on input line 76
8.

[19]

Package natbib Warning: Citation `houser2018temptation' on page 20 undefined on
 input line 827.


Package natbib Warning: Citation `toussaert2018eliciting' on page 20 undefined 
on input line 828.


LaTeX Warning: Reference `tab:limit-ask2' on page 20 undefined on input line 83
1.


Overfull \hbox (9.7641pt too wide) has occurred while \output is active
\T1/lmr/m/n/10 20 \T1/lmr/m/sl/10 CHAPTER 1.  INTRA-PERSONAL CONFLICT AND SELF-
COMMITMENT
 []

[20pdfTeX warning (ext4): destination with the same identifier (name{table.1.1}
) has been already used, duplicate ignored

\AtBegShi@Output ...ipout \box \AtBeginShipoutBox 
                                                  \fi \fi 
l.867 
      ]

LaTeX Warning: Reference `tab:sat-ratio2' on page 21 undefined on input line 88
4.

[21pdfTeX warning (ext4): destination with the same identifier (name{table.1.2}
) has been already used, duplicate ignored

\AtBegShi@Output ...ipout \box \AtBeginShipoutBox 
                                                  \fi \fi 
l.922   O
         n the other hand, the truncated saturation ratio does not seem to e...
pdfTeX warning (ext4): destination with the same identifier (name{table.1.3}) h
as been already used, duplicate ignored

\AtBegShi@Output ...ipout \box \AtBeginShipoutBox 
                                                  \fi \fi 
l.922   O
         n the other hand, the truncated saturation ratio does not seem to e...
]

Package natbib Warning: Citation `salvatier2016probabilistic' on page 22 undefi
ned on input line 935.


LaTeX Warning: Reference `fig:mean-effect2' on page 22 undefined on input line 
953.


LaTeX Warning: File `_main_files/figure-latex/mean-effect2-1.pdf' not found on 
input line 964.


! Package pdftex.def Error: File `_main_files/figure-latex/mean-effect2-1.pdf' 
not found: using draft setting.

See the pdftex.def package documentation for explanation.
Type  H <return>  for immediate help.
 ...                                              
                                                  
l.964 ...in_files/figure-latex/mean-effect2-1.pdf}
                                                  
Try typing  <return>  to proceed.
If that doesn't work, type  X <return>  to quit.

LaTeX Font Info:    Trying to load font information for T1+lmtt on input line 9
64.
(/usr/share/texmf/tex/latex/lm/t1lmtt.fd
File: t1lmtt.fd 2009/10/30 v1.6 Font defs for Latin Modern
)
Overfull \hbox (9.7641pt too wide) has occurred while \output is active
\T1/lmr/m/n/10 22 \T1/lmr/m/sl/10 CHAPTER 1.  INTRA-PERSONAL CONFLICT AND SELF-
COMMITMENT
 []

[22pdfTeX warning (ext4): destination with the same identifier (name{figure.1.1
}) has been already used, duplicate ignored

\AtBegShi@Output ...ipout \box \AtBeginShipoutBox 
                                                  \fi \fi 
l.979   \emph
             {baseline}: mean of -0.17]

Package natbib Warning: Citation `ashraf2006tying' on page 23 undefined on inpu
t line 1037.


Package natbib Warning: Citation `bhanot2017cheap' on page 23 undefined on inpu
t line 1038.

[23]

Package natbib Warning: Citation `ashraf2006tying' on page 24 undefined on inpu
t line 1056.


Package natbib Warning: Citation `milkman2014holding' on page 24 undefined on i
nput line 1061.


Package natbib Warning: Citation `harrison2004field' on page 24 undefined on in
put line 1066.


Package natbib Warning: Citation `gul2001temptation' on page 24 undefined on in
put line 1082.


Package natbib Warning: Citation `gul2001temptation' on page 24 undefined on in
put line 1084.


Package natbib Warning: Citation `noor2015menu' on page 24 undefined on input l
ine 1089.


Overfull \hbox (9.7641pt too wide) has occurred while \output is active
\T1/lmr/m/n/10 24 \T1/lmr/m/sl/10 CHAPTER 1.  INTRA-PERSONAL CONFLICT AND SELF-
COMMITMENT
 []

[24]
Chapter 2.

Package natbib Warning: Citation `gul2001temptation' on page 25 undefined on in
put line 1100.


Package natbib Warning: Citation `houser2018temptation' on page 25 undefined on
 input line 1111.


Package natbib Warning: Citation `toussaert2018eliciting' on page 25 undefined 
on input line 1111.


Package natbib Warning: Citation `chow2011demand' on page 25 undefined on input
 line 1121.


Package natbib Warning: Citation `gine2010put' on page 25 undefined on input li
ne 1121.


Package natbib Warning: Citation `uhl2011self' on page 25 undefined on input li
ne 1121.


Package natbib Warning: Citation `burger2011field' on page 25 undefined on inpu
t line 1122.


Package natbib Warning: Citation `mischel1989delay' on page 25 undefined on inp
ut line 1122.


Package natbib Warning: Citation `kuhn2014self' on page 25 undefined on input l
ine 1123.


Package natbib Warning: Citation `dellavigna2006paying' on page 25 undefined on
 input line 1124.


Package natbib Warning: Citation `kreps1979representation' on page 25 undefined
 on input line 1128.


Package natbib Warning: Citation `gul2004self' on page 25 undefined on input li
ne 1138.


Package natbib Warning: Citation `noor2010uphill' on page 25 undefined on input
 line 1138.


Package natbib Warning: Citation `noor2015menu' on page 25 undefined on input l
ine 1139.


Package natbib Warning: Citation `lipman2013temptation' on page 25 undefined on
 input line 1141.

[25

]

Package natbib Warning: Citation `dekel2001representing' on page 26 undefined o
n input line 1154.


Package natbib Warning: Citation `dekel2007representing' on page 26 undefined o
n input line 1154.


Package natbib Warning: Citation `dekel2009temptation' on page 26 undefined on 
input line 1155.


Package natbib Warning: Citation `fudenberg2006dual' on page 26 undefined on in
put line 1157.


Underfull \vbox (badness 10000) has occurred while \output is active []

 [26]
[27]

Package natbib Warning: Citation `becker1964measuring' on page 28 undefined on 
input line 1298.


Package natbib Warning: Citation `becker1964measuring' on page 28 undefined on 
input line 1308.

[28] [29] [30] [31]

LaTeX Warning: Reference `fig:uEstim-plot3' on page 32 undefined on input line 
1565.

[32]

LaTeX Warning: File `_main_files/figure-latex/uEstim-plot3-1.pdf' not found on 
input line 1577.


! Package pdftex.def Error: File `_main_files/figure-latex/uEstim-plot3-1.pdf' 
not found: using draft setting.

See the pdftex.def package documentation for explanation.
Type  H <return>  for immediate help.
 ...                                              
                                                  
l.1577 ...n_files/figure-latex/uEstim-plot3-1.pdf}
                                                  
Try typing  <return>  to proceed.
If that doesn't work, type  X <return>  to quit.


LaTeX Warning: Reference `tab:no-estim3' on page 33 undefined on input line 159
1.


LaTeX Warning: Reference `fig:pref-estim-plot3' on page 33 undefined on input l
ine 1626.

[33pdfTeX warning (ext4): destination with the same identifier (name{table.2.1}
) has been already used, duplicate ignored

\AtBegShi@Output ...ipout \box \AtBeginShipoutBox 
                                                  \fi \fi 
l.1628 
       pdfTeX warning (ext4): destination with the same identifier (name{figure
.2.1}) has been already used, duplicate ignored

\AtBegShi@Output ...ipout \box \AtBeginShipoutBox 
                                                  \fi \fi 
l.1628 
       ]

LaTeX Warning: File `_main_files/figure-latex/pref-estim-plot3-1.pdf' not found
 on input line 1631.


! Package pdftex.def Error: File `_main_files/figure-latex/pref-estim-plot3-1.p
df' not found: using draft setting.

See the pdftex.def package documentation for explanation.
Type  H <return>  for immediate help.
 ...                                              
                                                  
l.1631 ...les/figure-latex/pref-estim-plot3-1.pdf}
                                                  
Try typing  <return>  to proceed.
If that doesn't work, type  X <return>  to quit.


Overfull \hbox (42.29565pt too wide) detected at line 1662
\OML/lmm/m/it/10 WTC \OT1/lmr/m/n/10 = \OML/lmm/m/it/10 ^^L[] \OT1/lmr/m/n/10 +
 \OML/lmm/m/it/10 ^^L[]L[] \OT1/lmr/m/n/10 + \OML/lmm/m/it/10 ^^L[]L[] \OT1/lmr
/m/n/10 + \OML/lmm/m/it/10 ^^L[]L[] \OT1/lmr/m/n/10 + \OML/lmm/m/it/10 ^^L[]L[]
 \OT1/lmr/m/n/10 + \OML/lmm/m/it/10 ^^L[]L[] \OT1/lmr/m/n/10 + \OML/lmm/m/it/10
 ^^L[]L[] \OT1/lmr/m/n/10 + \OML/lmm/m/it/10 ^^L[]S[] \OT1/lmr/m/n/10 + \OML/lm
m/m/it/10 ^^L[]S[] \OT1/lmr/m/n/10 + \OML/lmm/m/it/10 ^^L[]S[] \OT1/lmr/m/n/10 
+ \OML/lmm/m/it/10 ^^L[]S[] \OT1/lmr/m/n/10 + \OML/lmm/m/it/10 ^^L[]S[]
 []


LaTeX Warning: Reference `fig:reg-estim-plot3' on page 34 undefined on input li
ne 1669.


LaTeX Warning: File `_main_files/figure-latex/reg-estim-plot3-1.pdf' not found 
on input line 1671.


! Package pdftex.def Error: File `_main_files/figure-latex/reg-estim-plot3-1.pd
f' not found: using draft setting.

See the pdftex.def package documentation for explanation.
Type  H <return>  for immediate help.
 ...                                              
                                                  
l.1671 ...iles/figure-latex/reg-estim-plot3-1.pdf}
                                                  
Try typing  <return>  to proceed.
If that doesn't work, type  X <return>  to quit.

[34pdfTeX warning (ext4): destination with the same identifier (name{figure.2.2
}) has been already used, duplicate ignored

\AtBegShi@Output ...ipout \box \AtBeginShipoutBox 
                                                  \fi \fi 
l.1689 
       ]

LaTeX Warning: Reference `tab:models-table3' on page 35 undefined on input line
 1725.

[35]

LaTeX Warning: Reference `tab:comp-models-table3' on page 36 undefined on input
 line 1765.


Package natbib Warning: Citation `noor2015menu' on page 36 undefined on input l
ine 1843.

[36pdfTeX warning (ext4): destination with the same identifier (name{table.2.2}
) has been already used, duplicate ignored

\AtBegShi@Output ...ipout \box \AtBeginShipoutBox 
                                                  \fi \fi 
l.1852 
       ]

LaTeX Warning: Reference `fig:pred-plot3' on page 37 undefined on input line 18
55.


LaTeX Warning: File `_main_files/figure-latex/pred-plot3-1.pdf' not found on in
put line 1863.


! Package pdftex.def Error: File `_main_files/figure-latex/pred-plot3-1.pdf' no
t found: using draft setting.

See the pdftex.def package documentation for explanation.
Type  H <return>  for immediate help.
 ...                                              
                                                  
l.1863 ...ain_files/figure-latex/pred-plot3-1.pdf}
                                                  
Try typing  <return>  to proceed.
If that doesn't work, type  X <return>  to quit.

[37pdfTeX warning (ext4): destination with the same identifier (name{table.2.3}
) has been already used, duplicate ignored

\AtBegShi@Output ...ipout \box \AtBeginShipoutBox 
                                                  \fi \fi 
l.1879 
       ]

Package natbib Warning: Citation `gul2001temptation' on page 38 undefined on in
put line 1884.


Package natbib Warning: Citation `kreps1979representation' on page 38 undefined
 on input line 1897.


Package natbib Warning: Citation `lipman2013temptation' on page 38 undefined on
 input line 1898.

[38pdfTeX warning (ext4): destination with the same identifier (name{figure.2.3
}) has been already used, duplicate ignored

\AtBegShi@Output ...ipout \box \AtBeginShipoutBox 
                                                  \fi \fi 
l.1919 W
        e believe that in order to propose models with better descriptive po...
] [39] [40

]
Chapter 3.

Package natbib Warning: Citation `friedman2014risky' on page 41 undefined on in
put line 1952.


Package natbib Warning: Citation `luce2012individual' on page 41 undefined on i
nput line 1955.


Package natbib Warning: Citation `lejuez2002evaluation' on page 41 undefined on
 input line 1962.


Package natbib Warning: Citation `crosetto2013bomb' on page 41 undefined on inp
ut line 1962.


Package natbib Warning: Citation `hey1994investigating' on page 41 undefined on
 input line 1968.


Package natbib Warning: Citation `wilcox2007predicting' on page 41 undefined on
 input line 1972.


Package natbib Warning: Citation `hey1994investigating' on page 41 undefined on
 input line 1973.


Package natbib Warning: Citation `ert2017revisiting' on page 41 undefined on in
put line 1975.

[41] [42] [43] [44]

Package natbib Warning: Citation `harrison2014experimental' on page 45 undefine
d on input line 2171.


Package natbib Warning: Citation `sjaastad2021ulyssean' on page 45 undefined on
 input line 2189.


Package natbib Warning: Citation `lejuez2002evaluation' on page 45 undefined on
 input line 2213.


Package natbib Warning: Citation `crosetto2013bomb' on page 45 undefined on inp
ut line 2214.


Package natbib Warning: Citation `steiner2021representative' on page 45 undefin
ed on input line 2219.


Package natbib Warning: Citation `de2020burst' on page 45 undefined on input li
ne 2219.


Package natbib Warning: Citation `wakker2008explaining' on page 45 undefined on
 input line 2225.

[45] [46]

LaTeX Warning: Reference `fig:spag-plot4' on page 47 undefined on input line 23
22.


LaTeX Warning: File `_main_files/figure-latex/spag-plot4-1.pdf' not found on in
put line 2331.


! Package pdftex.def Error: File `_main_files/figure-latex/spag-plot4-1.pdf' no
t found: using draft setting.

See the pdftex.def package documentation for explanation.
Type  H <return>  for immediate help.
 ...                                              
                                                  
l.2331 ...ain_files/figure-latex/spag-plot4-1.pdf}
                                                  
Try typing  <return>  to proceed.
If that doesn't work, type  X <return>  to quit.


LaTeX Warning: Reference `tab:sum-stat-table4' on page 47 undefined on input li
ne 2337.

[47pdfTeX warning (ext4): destination with the same identifier (name{figure.3.1
}) has been already used, duplicate ignored

\AtBegShi@Output ...ipout \box \AtBeginShipoutBox 
                                                  \fi \fi 
l.2344 
       ]
Overfull \hbox (33.49837pt too wide) in paragraph at lines 2349--2366
 [][] 
 []


LaTeX Warning: Reference `tab:sum-stat-table4' on page 48 undefined on input li
ne 2381.


LaTeX Warning: Reference `tab:norm-test4' on page 48 undefined on input line 24
16.

[48pdfTeX warning (ext4): destination with the same identifier (name{table.3.1}
) has been already used, duplicate ignored

\AtBegShi@Output ...ipout \box \AtBeginShipoutBox 
                                                  \fi \fi 
l.2419 
       ]

Package natbib Warning: Citation `gul2006random' on page 49 undefined on input 
line 2462.


Package natbib Warning: Citation `gul2014random' on page 49 undefined on input 
line 2463.


Package natbib Warning: Citation `cerreia2019deliberately' on page 49 undefined
 on input line 2463.

[49pdfTeX warning (ext4): destination with the same identifier (name{table.3.2}
) has been already used, duplicate ignored

\AtBegShi@Output ...ipout \box \AtBeginShipoutBox 
                                                  \fi \fi 
l.2490 
       ]

LaTeX Warning: Reference `fig:gt-plot4' on page 50 undefined on input line 2511
.


LaTeX Warning: File `_main_files/figure-latex/gt-plot4-1.pdf' not found on inpu
t line 2518.


! Package pdftex.def Error: File `_main_files/figure-latex/gt-plot4-1.pdf' not 
found: using draft setting.

See the pdftex.def package documentation for explanation.
Type  H <return>  for immediate help.
 ...                                              
                                                  
l.2518 ..._main_files/figure-latex/gt-plot4-1.pdf}
                                                  
Try typing  <return>  to proceed.
If that doesn't work, type  X <return>  to quit.


Underfull \vbox (badness 5563) has occurred while \output is active []

 [50pdfTeX warning (ext4): destination with the same identifier (name{figure.3.
2}) has been already used, duplicate ignored

\AtBegShi@Output ...ipout \box \AtBeginShipoutBox 
                                                  \fi \fi 
l.2536 
       ]

LaTeX Warning: Reference `fig:corr-plot4' on page 51 undefined on input line 25
66.


LaTeX Warning: File `_main_files/figure-latex/corr-plot4-1.pdf' not found on in
put line 2572.


! Package pdftex.def Error: File `_main_files/figure-latex/corr-plot4-1.pdf' no
t found: using draft setting.

See the pdftex.def package documentation for explanation.
Type  H <return>  for immediate help.
 ...                                              
                                                  
l.2572 ...ain_files/figure-latex/corr-plot4-1.pdf}
                                                  
Try typing  <return>  to proceed.
If that doesn't work, type  X <return>  to quit.


Package natbib Warning: Citation `crosetto2016theoretical' on page 51 undefined
 on input line 2597.

[51pdfTeX warning (ext4): destination with the same identifier (name{figure.3.3
}) has been already used, duplicate ignored

\AtBegShi@Output ...ipout \box \AtBeginShipoutBox 
                                                  \fi \fi 
l.2607 
       ]

LaTeX Warning: Reference `fig:plt-error-model4' on page 52 undefined on input l
ine 2616.


LaTeX Warning: File `_main_files/figure-latex/plt-error-model4-1.pdf' not found
 on input line 2623.


! Package pdftex.def Error: File `_main_files/figure-latex/plt-error-model4-1.p
df' not found: using draft setting.

See the pdftex.def package documentation for explanation.
Type  H <return>  for immediate help.
 ...                                              
                                                  
l.2623 ...les/figure-latex/plt-error-model4-1.pdf}
                                                  
Try typing  <return>  to proceed.
If that doesn't work, type  X <return>  to quit.

[52pdfTeX warning (ext4): destination with the same identifier (name{figure.3.4
}) has been already used, duplicate ignored

\AtBegShi@Output ...ipout \box \AtBeginShipoutBox 
                                                  \fi \fi 
l.2642 
       ]

LaTeX Warning: Reference `fig:dummy-estim4' on page 53 undefined on input line 
2660.


LaTeX Warning: File `_main_files/figure-latex/dummy-estim4-1.pdf' not found on 
input line 2665.


! Package pdftex.def Error: File `_main_files/figure-latex/dummy-estim4-1.pdf' 
not found: using draft setting.

See the pdftex.def package documentation for explanation.
Type  H <return>  for immediate help.
 ...                                              
                                                  
l.2665 ...n_files/figure-latex/dummy-estim4-1.pdf}
                                                  
Try typing  <return>  to proceed.
If that doesn't work, type  X <return>  to quit.

[53pdfTeX warning (ext4): destination with the same identifier (name{figure.3.5
}) has been already used, duplicate ignored

\AtBegShi@Output ...ipout \box \AtBeginShipoutBox 
                                                  \fi \fi 
l.2693 
       ] [54]

Package natbib Warning: Citation `wilcox2007predicting' on page 55 undefined on
 input line 2794.

[55] [56

]

Package natbib Warning: Citation `gul2001temptation' on page 57 undefined on in
put line 2825.


Package natbib Warning: Citation `popper2005logic' on page 57 undefined on inpu
t line 2832.


Package natbib Warning: Citation `gul2001temptation' on page 57 undefined on in
put line 2850.


Package natbib Warning: Citation `gul2001temptation' on page 57 undefined on in
put line 2854.


Package natbib Warning: Citation `gul2001temptation' on page 57 undefined on in
put line 2861.

[57]

Package natbib Warning: Citation `aliprantis2006hitchhiker' on page 58 undefine
d on input line 2867.

[58]
Appendix A.
<annexe_file/pump_decision.png, id=459, 968.61874pt x 688.5725pt>
File: annexe_file/pump_decision.png Graphic file (type png)
<use annexe_file/pump_decision.png>
Package pdftex.def Info: annexe_file/pump_decision.png  used on input line 2885
.
(pdftex.def)             Requested size: 310.4964pt x 220.72594pt.
<annexe_file/pump_explosion.png, id=461, 984.67876pt x 806.01125pt>
File: annexe_file/pump_explosion.png Graphic file (type png)
<use annexe_file/pump_explosion.png>
Package pdftex.def Info: annexe_file/pump_explosion.png  used on input line 288
7.
(pdftex.def)             Requested size: 310.49097pt x 254.15315pt.

Underfull \vbox (badness 10000) has occurred while \output is active []

 [59

 <./annexe_file/pump_decision.png>]
<annexe_file/pump_instructions.png, id=468, 996.72375pt x 720.6925pt>
File: annexe_file/pump_instructions.png Graphic file (type png)
<use annexe_file/pump_instructions.png>
Package pdftex.def Info: annexe_file/pump_instructions.png  used on input line 
2889.
(pdftex.def)             Requested size: 310.48683pt x 224.50105pt.
<annexe_file/temptation_instructions.png, id=469, 983.675pt x 376.40625pt>
File: annexe_file/temptation_instructions.png Graphic file (type png)
<use annexe_file/temptation_instructions.png>
Package pdftex.def Info: annexe_file/temptation_instructions.png  used on input
 line 2891.
(pdftex.def)             Requested size: 310.48967pt x 118.80981pt.

Underfull \vbox (badness 10000) has occurred while \output is active []

 [60 <./annexe_file/pump_explosion.png> <./annexe_file/pump_instructions.png>]
<annexe_file/temptation_decision.png, id=476, 969.6225pt x 234.8775pt>
File: annexe_file/temptation_decision.png Graphic file (type png)
<use annexe_file/temptation_decision.png>
Package pdftex.def Info: annexe_file/temptation_decision.png  used on input lin
e 2893.
(pdftex.def)             Requested size: 310.49268pt x 75.21251pt.
 [61 <./annexe_file/temptation_instructions.png> <./annexe_file/temptation_deci
sion.png>]
[62

]
Appendix B.
<annexe_file/consigne_c3_1.png, id=488, 950.55125pt x 863.225pt>
File: annexe_file/consigne_c3_1.png Graphic file (type png)
<use annexe_file/consigne_c3_1.png>
Package pdftex.def Info: annexe_file/consigne_c3_1.png  used on input line 2900
.
(pdftex.def)             Requested size: 310.49196pt x 281.96735pt.
<annexe_file/consigne_c3_2.png, id=489, 931.48pt x 654.445pt>
File: annexe_file/consigne_c3_2.png Graphic file (type png)
<use annexe_file/consigne_c3_2.png>
Package pdftex.def Info: annexe_file/consigne_c3_2.png  used on input line 2902
.
(pdftex.def)             Requested size: 310.48782pt x 218.14447pt.

Underfull \vbox (badness 2726) has occurred while \output is active []

 [63 <./annexe_file/consigne_c3_1.png>]
<annexe_file/consigne_c3_3.png, id=496, 952.55875pt x 717.68124pt>
File: annexe_file/consigne_c3_3.png Graphic file (type png)
<use annexe_file/consigne_c3_3.png>
Package pdftex.def Info: annexe_file/consigne_c3_3.png  used on input line 2904
.
(pdftex.def)             Requested size: 310.49362pt x 233.93355pt.
 [64 <./annexe_file/consigne_c3_2.png> <./annexe_file/consigne_c3_3.png>]
Appendix C.
<annexe_file/consigne_c4.png, id=503, 927.465pt x 856.19875pt>
File: annexe_file/consigne_c4.png Graphic file (type png)
<use annexe_file/consigne_c4.png>
Package pdftex.def Info: annexe_file/consigne_c4.png  used on input line 2911.
(pdftex.def)             Requested size: 310.49396pt x 286.63565pt.
No file _main.bbl.

Package natbib Warning: There were undefined citations.

Package atveryend Info: Empty hook `BeforeClearDocument' on input line 2919.
[65

 <./annexe_file/consigne_c4.png>]
Package atveryend Info: Empty hook `AfterLastShipout' on input line 2919.
 (./_main.aux)
Package atveryend Info: Executing hook `AtVeryEndDocument' on input line 2919.
Package atveryend Info: Empty hook `AtEndAfterFileList' on input line 2919.


LaTeX Warning: There were undefined references.


LaTeX Warning: Label(s) may have changed. Rerun to get cross-references right.

 ) 
Here is how much of TeX's memory you used:
 15153 strings out of 481239
 223099 string characters out of 5920376
 507002 words of memory out of 5000000
 29696 multiletter control sequences out of 15000+600000
 619812 words of font info for 154 fonts, out of 8000000 for 9000
 1141 hyphenation exceptions out of 8191
 41i,10n,42p,804b,475s stack positions out of 5000i,500n,10000p,200000b,80000s
{/usr/share/texmf/fonts/enc/dvips/lm/lm-mathex.enc}{/usr/share/texmf/fonts/en
c/dvips/lm/lm-rm.enc}{/usr/share/texmf/fonts/enc/dvips/lm/lm-mathsy.enc}{/usr/s
hare/texmf/fonts/enc/dvips/lm/lm-ec.enc}{/usr/share/texmf/fonts/enc/dvips/lm/lm
-mathit.enc}{/usr/share/texmf/fonts/enc/dvips/lm/lm-ts1.enc}</usr/share/texmf/f
onts/type1/public/lm/lmbx10.pfb></usr/share/texmf/fonts/type1/public/lm/lmbx12.
pfb></usr/share/texmf/fonts/type1/public/lm/lmbx8.pfb></usr/share/texmf/fonts/t
ype1/public/lm/lmex10.pfb></usr/share/texmf/fonts/type1/public/lm/lmmi10.pfb></
usr/share/texmf/fonts/type1/public/lm/lmmi7.pfb></usr/share/texmf/fonts/type1/p
ublic/lm/lmmi8.pfb></usr/share/texmf/fonts/type1/public/lm/lmr10.pfb></usr/shar
e/texmf/fonts/type1/public/lm/lmr12.pfb></usr/share/texmf/fonts/type1/public/lm
/lmr17.pfb></usr/share/texmf/fonts/type1/public/lm/lmr6.pfb></usr/share/texmf/f
onts/type1/public/lm/lmr7.pfb></usr/share/texmf/fonts/type1/public/lm/lmr8.pfb>
</usr/share/texmf/fonts/type1/public/lm/lmri10.pfb></usr/share/texmf/fonts/type
1/public/lm/lmro10.pfb></usr/share/texmf/fonts/type1/public/lm/lmsy10.pfb></usr
/share/texmf/fonts/type1/public/lm/lmsy7.pfb></usr/share/texmf/fonts/type1/publ
ic/lm/lmtt10.pfb></usr/share/texlive/texmf-dist/fonts/type1/public/amsfonts/sym
bols/msam10.pfb>
Output written on _main.pdf (65 pages, 1308172 bytes).
PDF statistics:
 705 PDF objects out of 1000 (max. 8388607)
 595 compressed objects within 6 object streams
 234 named destinations out of 1000 (max. 500000)
 16614 words of extra memory for PDF output out of 17280 (max. 10000000)

